2024-08-18 22:26:43,928 - asyncio - DEBUG - Using selector: KqueueSelector
2024-08-18 22:26:44,930 - src.api - INFO - Fetching data from URL: http://api.worldbank.org/v2/country/USA/indicator/SI.POV.DDAY
2024-08-18 22:26:44,931 - src.api - INFO - Params: {'format': 'json', 'date': '2010:2020', 'per_page': 1000}
2024-08-18 22:26:44,931 - src.api - INFO - Sending request for page 1, attempt 1
2024-08-18 22:26:45,686 - src.api - INFO - Response status: 502
2024-08-18 22:26:45,686 - src.api - WARNING - 502 Bad Gateway error. Retrying in 1 seconds...
2024-08-18 22:26:46,688 - src.api - INFO - Sending request for page 1, attempt 2
2024-08-18 22:26:47,004 - src.api - INFO - Response status: 502
2024-08-18 22:26:47,004 - src.api - WARNING - 502 Bad Gateway error. Retrying in 2 seconds...
2024-08-18 22:26:49,006 - src.api - INFO - Sending request for page 1, attempt 3
2024-08-18 22:26:49,357 - src.api - INFO - Response status: 502
2024-08-18 22:26:49,358 - src.api - WARNING - 502 Bad Gateway error. Retrying in 4 seconds...
2024-08-18 22:26:53,359 - src.api - ERROR - Failed to fetch data after 3 attempts
2024-08-18 22:26:53,360 - src.api - INFO - Fetching data from URL: http://api.worldbank.org/v2/country/USA/indicator/SI.POV.DDAY
2024-08-18 22:26:53,360 - src.api - INFO - Params: {'format': 'json', 'date': '2010:2010', 'per_page': 1000}
2024-08-18 22:26:53,360 - src.api - INFO - Sending request for page 1, attempt 1
2024-08-18 22:26:53,604 - src.api - INFO - Response status: 502
2024-08-18 22:26:53,605 - src.api - WARNING - 502 Bad Gateway error. Retrying in 1 seconds...
2024-08-18 22:26:54,606 - src.api - INFO - Sending request for page 1, attempt 2
2024-08-18 22:26:54,989 - src.api - INFO - Response status: 502
2024-08-18 22:26:54,990 - src.api - WARNING - 502 Bad Gateway error. Retrying in 2 seconds...
2024-08-18 22:26:56,991 - src.api - INFO - Sending request for page 1, attempt 3
2024-08-18 22:26:57,343 - src.api - INFO - Response status: 502
2024-08-18 22:26:57,343 - src.api - WARNING - 502 Bad Gateway error. Retrying in 4 seconds...
2024-08-18 22:27:01,345 - src.api - ERROR - Failed to fetch data after 3 attempts
2024-08-18 22:27:01,345 - src.api - INFO - Fetching data from URL: http://api.worldbank.org/v2/country/USA/indicator/SI.POV.DDAY
2024-08-18 22:27:01,345 - src.api - INFO - Params: {'format': 'json', 'date': '2010:2010', 'per_page': 1000}
2024-08-18 22:27:01,345 - src.api - INFO - Sending request for page 1, attempt 1
2024-08-18 22:27:01,595 - src.api - INFO - Response status: 502
2024-08-18 22:27:01,596 - src.api - WARNING - 502 Bad Gateway error. Retrying in 1 seconds...
2024-08-18 22:27:02,596 - src.api - INFO - Sending request for page 1, attempt 2
2024-08-18 22:27:02,866 - src.api - INFO - Response status: 502
2024-08-18 22:27:02,867 - src.api - WARNING - 502 Bad Gateway error. Retrying in 2 seconds...
2024-08-18 22:27:04,868 - src.api - INFO - Sending request for page 1, attempt 3
2024-08-18 22:27:05,120 - src.api - INFO - Response status: 502
2024-08-18 22:27:05,120 - src.api - WARNING - 502 Bad Gateway error. Retrying in 4 seconds...
